<?xml version="1.0" encoding="UTF-8"?>
<!-- Generated by org.testng.reporters.JUnitReportReporter -->
<testsuite hostname="EG5CG9363CKK" failures="0" tests="2" name="tests.loginTest" time="25.643" errors="0" timestamp="2020-09-17T21:54:12 EET" skipped="0">
  <testcase classname="tests.loginTest" name="UserCanLoginSuccssfully" time="22.127"/>
  <testcase classname="tests.loginTest" name="UserCanLogoutSuccssfully" time="3.516"/>
</testsuite> <!-- tests.loginTest -->
