<?xml version="1.0" encoding="UTF-8"?>
<!-- Generated by org.testng.reporters.JUnitReportReporter -->
<testsuite skipped="0" hostname="DESKTOP-53K6SHE" name="tests.AddProductToCompareTest" tests="2" failures="0" timestamp="2019-06-15T20:47:34 EET" time="7.257" errors="0">
  <testcase name="UserCanCompareProducts" time="6.247" classname="tests.AddProductToCompareTest"/>
  <testcase name="UserCanClearCompareList" time="1.010" classname="tests.AddProductToCompareTest"/>
</testsuite> <!-- tests.AddProductToCompareTest -->
