<?xml version="1.0" encoding="UTF-8"?>
<!-- Generated by org.testng.reporters.JUnitReportReporter -->
<testsuite skipped="0" hostname="DESKTOP-53K6SHE" name="tests.MyAccountTest" tests="4" failures="0" timestamp="2019-05-16T11:39:58 EET" time="22.181" errors="0">
  <testcase name="UserCanRegisterSuccssfully" time="3.590" classname="tests.MyAccountTest"/>
  <testcase name="RegisteredUserCanChangePassword" time="15.296" classname="tests.MyAccountTest"/>
  <testcase name="RegisteredUserCanLogout" time="1.023" classname="tests.MyAccountTest"/>
  <testcase name="RegisteredUserCanLogin" time="2.272" classname="tests.MyAccountTest"/>
</testsuite> <!-- tests.MyAccountTest -->
