<?xml version="1.0" encoding="UTF-8"?>
<!-- Generated by org.testng.reporters.JUnitReportReporter -->
<testsuite skipped="0" hostname="DESKTOP-53K6SHE" name="tests.ChangeCurrencyTest" tests="2" failures="0" timestamp="2019-06-15T20:47:34 EET" time="2.502" errors="0">
  <testcase name="UserCanSearchForProductsUsingAutoSuggest" time="2.380" classname="tests.ChangeCurrencyTest"/>
  <testcase name="UserCanChangeCurrency" time="0.122" classname="tests.ChangeCurrencyTest"/>
</testsuite> <!-- tests.ChangeCurrencyTest -->
