<?xml version="1.0" encoding="UTF-8"?>
<!-- Generated by org.testng.reporters.JUnitReportReporter -->
<testsuite skipped="0" hostname="DESKTOP-53K6SHE" name="tests.SearchProductTest" tests="1" failures="0" timestamp="2019-06-15T20:47:34 EET" time="4.669" errors="0">
  <testcase name="UserCanSearchForProducts" time="4.669" classname="tests.SearchProductTest"/>
</testsuite> <!-- tests.SearchProductTest -->
