<?xml version="1.0" encoding="UTF-8"?>
<!-- Generated by org.testng.reporters.JUnitReportReporter -->
<testsuite skipped="0" hostname="DESKTOP-53K6SHE" name="tests.UserRegistrationTestWithDDTAndJSON" tests="1" failures="0" timestamp="2019-07-04T05:25:57 EET" time="9.521" errors="0">
  <testcase name="UserCanRegisterSuccssfully" time="9.521" classname="tests.UserRegistrationTestWithDDTAndJSON"/>
</testsuite> <!-- tests.UserRegistrationTestWithDDTAndJSON -->
