<?xml version="1.0" encoding="UTF-8"?>
<!-- Generated by org.testng.reporters.JUnitReportReporter -->
<testsuite skipped="0" hostname="DESKTOP-53K6SHE" name="tests.UserRegistrationWithDDTAndPropertiesFile" tests="3" failures="0" timestamp="2019-06-18T20:42:30 EET" time="6.125" errors="0">
  <testcase name="RegisteredUserCanLogout" time="0.972" classname="tests.UserRegistrationWithDDTAndPropertiesFile"/>
  <testcase name="RegisteredUserCanLogin" time="1.911" classname="tests.UserRegistrationWithDDTAndPropertiesFile"/>
  <testcase name="UserCanRegisterSuccssfully" time="3.242" classname="tests.UserRegistrationWithDDTAndPropertiesFile"/>
</testsuite> <!-- tests.UserRegistrationWithDDTAndPropertiesFile -->
