<?xml version="1.0" encoding="UTF-8"?>
<!-- Generated by org.testng.reporters.JUnitReportReporter -->
<testsuite skipped="0" hostname="DESKTOP-53K6SHE" name="tests.UserRegistrationTestWithJavaFaker" tests="3" failures="0" timestamp="2019-07-04T05:37:54 EET" time="13.964" errors="0">
  <testcase name="RegisteredUserCanLogin" time="4.918" classname="tests.UserRegistrationTestWithJavaFaker"/>
  <testcase name="RegisteredUserCanLogout" time="3.445" classname="tests.UserRegistrationTestWithJavaFaker"/>
  <testcase name="UserCanRegisterSuccssfully" time="5.601" classname="tests.UserRegistrationTestWithJavaFaker"/>
</testsuite> <!-- tests.UserRegistrationTestWithJavaFaker -->
