<?xml version="1.0" encoding="UTF-8"?>
<!-- Generated by org.testng.reporters.JUnitReportReporter -->
<testsuite skipped="0" hostname="DESKTOP-53K6SHE" name="tests.UserRegistrationTestWithDDTAndCSV" tests="1" failures="0" timestamp="2019-06-25T04:00:53 EET" time="20.942" errors="0">
  <testcase name="UserCanRegisterSuccssfully" time="20.942" classname="tests.UserRegistrationTestWithDDTAndCSV"/>
</testsuite> <!-- tests.UserRegistrationTestWithDDTAndCSV -->
