<?xml version="1.0" encoding="UTF-8"?>
<!-- Generated by org.testng.reporters.JUnitReportReporter -->
<testsuite hostname="EG5CG9363CKK" failures="0" tests="2" name="tests.UserRegistrationTest" time="9.281" errors="0" timestamp="2020-09-17T20:48:16 EET" skipped="0">
  <testcase classname="tests.UserRegistrationTest" name="UserCanRegisterSuccssfully" time="5.894"/>
  <testcase classname="tests.UserRegistrationTest" name="RegisterwithInvaildEmail" time="3.387"/>
</testsuite> <!-- tests.UserRegistrationTest -->
